 [x] RPC Server started. Awaiting requests...
2025-05-17 08:34:20,850 - rpc_server - INFO -  [x] RPC Server started. Awaiting requests...
Received request for user_id: 9
User found: {'exists': True, 'is_active': True, 'username': 'test1', 'email': 'postgres@mail.ru', 'role': 0, 'first_name': 'asd', 'last_name': 'asd', 'father_name': 'asd', 'id': 9}
Response sent for user_id: 9
Received request for user_id: 9
User found: {'exists': True, 'is_active': True, 'username': 'test1', 'email': 'postgres@mail.ru', 'role': 0, 'first_name': 'asd', 'last_name': 'asd', 'father_name': 'asd', 'id': 9}
Response sent for user_id: 9
Received request for user_id: 9
User found: {'exists': True, 'is_active': True, 'username': 'test1', 'email': 'postgres@mail.ru', 'role': 0, 'first_name': 'asd', 'last_name': 'asd', 'father_name': 'asd', 'id': 9}
Response sent for user_id: 9
Received request for user_id: 9
User found: {'exists': True, 'is_active': True, 'username': 'test1', 'email': 'postgres@mail.ru', 'role': 0, 'first_name': 'asd', 'last_name': 'asd', 'father_name': 'asd', 'id': 9}
Response sent for user_id: 9
Failed to connect to RabbitMQ: 
2025-05-19 15:37:51,014 - rpc_server - CRITICAL - Failed to connect to RabbitMQ: 
Failed to connect to RabbitMQ: 
2025-05-19 15:38:58,528 - rpc_server - CRITICAL - Failed to connect to RabbitMQ: 
 [x] RPC Server started. Awaiting requests...
2025-05-19 15:48:33,268 - rpc_server - INFO -  [x] RPC Server started. Awaiting requests...
 [x] RPC Server started. Awaiting requests...
2025-05-19 15:49:12,108 - rpc_server - INFO -  [x] RPC Server started. Awaiting requests...
Failed to connect to RabbitMQ: (320, "CONNECTION_FORCED - broker forced connection closure with reason 'shutdown'")
 [x] RPC Server started. Awaiting requests...
2025-05-19 15:57:28,902 - rpc_server - INFO -  [x] RPC Server started. Awaiting requests...
 [x] RPC Server started. Awaiting requests...
2025-05-19 16:05:26,588 - rpc_server - INFO -  [x] RPC Server started. Awaiting requests...
 [x] RPC Server started. Awaiting requests...
2025-05-19 16:06:40,143 - rpc_server - INFO -  [x] RPC Server started. Awaiting requests...
 [x] RPC Server started. Awaiting requests...
2025-05-19 16:09:42,330 - rpc_server - INFO -  [x] RPC Server started. Awaiting requests...
 [x] RPC Server started. Awaiting requests...
2025-05-19 16:09:52,911 - rpc_server - INFO -  [x] RPC Server started. Awaiting requests...
 [x] RPC Server started. Awaiting requests...
2025-05-19 16:10:04,500 - rpc_server - INFO -  [x] RPC Server started. Awaiting requests...
 [x] RPC Server started. Awaiting requests...
2025-05-19 16:10:54,411 - rpc_server - INFO -  [x] RPC Server started. Awaiting requests...
 [x] RPC Server started. Awaiting requests...
2025-05-19 16:11:09,994 - rpc_server - INFO -  [x] RPC Server started. Awaiting requests...
